#
# A fatal error has been detected by the Java Runtime Environment:
#
#  EXCEPTION_ACCESS_VIOLATION (0xc0000005) at pc=0x00007ffa81d65aa5, pid=7688, tid=0x000000000000362c
#
# JRE version: Java(TM) SE Runtime Environment (8.0_151-b12) (build 1.8.0_151-b12)
# Java VM: Java HotSpot(TM) 64-Bit Server VM (25.151-b12 mixed mode windows-amd64 compressed oops)
# Problematic frame:
# C  [KinectPV2.dll+0x5aa5]
#
# Failed to write core dump. Minidumps are not enabled by default on client versions of Windows
#
# If you would like to submit a bug report, please visit:
#   http://bugreport.java.com/bugreport/crash.jsp
# The crash happened outside the Java Virtual Machine in native code.
# See problematic frame for where to report the bug.
#

---------------  T H R E A D  ---------------

Current thread (0x000000002237c800):  JavaThread "Thread-1" [_thread_in_native, id=13868, stack(0x0000000037c70000,0x0000000037d70000)]

siginfo: ExceptionCode=0xc0000005, writing address 0x00000000302f9000

Registers:
RAX=0x0000000000000000, RBX=0x00000000233fd6d0, RCX=0x00000000300ec040, RDX=0x00000000000001fe
RSP=0x0000000037d6f150, RBP=0x0000000037d6f250, RSI=0x000000002d91d040, RDI=0x0000000000000000
R8 =0x000000000020cfb8, R9 =0x000000000020cfc0, R10=0x0000000030af6000, R11=0x0000000000419f88
R12=0x0000000000000000, R13=0x0000000037d6f840, R14=0x00007ffa55b52d48, R15=0x000000000020cfc0
RIP=0x00007ffa81d65aa5, EFLAGS=0x0000000000010242

Top of Stack: (sp=0x0000000037d6f150)
0x0000000037d6f150:   00000000233fd6d0 00000000233fd6d0
0x0000000037d6f160:   00000000233fd6d0 00000000233fd6d0
0x0000000037d6f170:   000000003634e040 00000000052543e4
0x0000000037d6f180:   fffffffffffffffe 0000000031a6dc18
0x0000000037d6f190:   0000000031496468 00000000234c1e98
0x0000000037d6f1a0:   0000000031473ee8 000000005697b889
0x0000000037d6f1b0:   0000000031a6e078 00000006c4ef15a0
0x0000000037d6f1c0:   0000000031495928 0000000023130000
0x0000000037d6f1d0:   00000000314cda58 0000000000035000
0x0000000037d6f1e0:   00000780000001a8 0000000700000438
0x0000000037d6f1f0:   0000000600000200 ff800000ff800000
0x0000000037d6f200:   0000000000035000 0000000000000000
0x0000000037d6f210:   0000000023170000 0000000000000000
0x0000000037d6f220:   000001a800000200 0000000000000005
0x0000000037d6f230:   0000000000000000 0000000000000000
0x0000000037d6f240:   0000000000000000 0000000000000000 

Instructions: (pc=0x00007ffa81d65aa5)
0x00007ffa81d65a85:   63 c8 48 c1 e1 09 48 63 d2 48 03 4c 24 78 80 3c
0x00007ffa81d65a95:   0a ff 74 04 4d 8d 14 37 48 8b 4b 38 41 0f b6 02
0x00007ffa81d65aa5:   41 88 44 08 08 48 8b 4b 38 41 0f b6 42 01 41 88
0x00007ffa81d65ab5:   44 08 09 48 8b 4b 38 41 0f b6 42 02 41 88 44 08 


Register to memory mapping:

RAX=0x0000000000000000 is an unknown value
RBX=0x00000000233fd6d0 is an unknown value
RCX=0x00000000300ec040 is an unknown value
RDX=0x00000000000001fe is an unknown value
RSP=0x0000000037d6f150 is pointing into the stack for thread: 0x000000002237c800
RBP=0x0000000037d6f250 is pointing into the stack for thread: 0x000000002237c800
RSI=0x000000002d91d040 is an unknown value
RDI=0x0000000000000000 is an unknown value
R8 =0x000000000020cfb8 is an unknown value
R9 =0x000000000020cfc0 is an unknown value
R10=0x0000000030af6000 is an unknown value
R11=0x0000000000419f88 is an unknown value
R12=0x0000000000000000 is an unknown value
R13=0x0000000037d6f840 is pointing into the stack for thread: 0x000000002237c800
R14=0x00007ffa55b52d48 is an unknown value
R15=0x000000000020cfc0 is an unknown value


Stack: [0x0000000037c70000,0x0000000037d70000],  sp=0x0000000037d6f150,  free space=1020k
Native frames: (J=compiled Java code, j=interpreted, Vv=VM code, C=native code)
C  [KinectPV2.dll+0x5aa5]
C  [KinectPV2.dll+0x16a2]
C  0x000000000507bcb9

Java frames: (J=compiled Java code, j=interpreted, Vv=VM code)
J 734  KinectPV2.Device.jniUpdate()Z (0 bytes) @ 0x000000000507bc3b [0x000000000507bc00+0x3b]
J 1515 C2 KinectPV2.Device.updateDevice()Z (7 bytes) @ 0x0000000004f79d14 [0x0000000004f79ce0+0x34]
j  KinectPV2.Device.run()V+4
j  java.lang.Thread.run()V+11
v  ~StubRoutines::call_stub

---------------  P R O C E S S  ---------------

Java Threads: ( => current thread )
  0x0000000022500000 JavaThread "D3D Screen Updater" daemon [_thread_blocked, id=8052, stack(0x000000003d9c0000,0x000000003dac0000)]
  0x00000000227df000 JavaThread "AWT-EventQueue-0" [_thread_blocked, id=7304, stack(0x000000003d4c0000,0x000000003d5c0000)]
=>0x000000002237c800 JavaThread "Thread-1" [_thread_in_native, id=13868, stack(0x0000000037c70000,0x0000000037d70000)]
  0x00000000222f8000 JavaThread "AWT-Windows" daemon [_thread_in_native, id=1400, stack(0x0000000022cc0000,0x0000000022dc0000)]
  0x00000000222f3800 JavaThread "AWT-Shutdown" [_thread_blocked, id=15248, stack(0x0000000022bc0000,0x0000000022cc0000)]
  0x00000000222f2800 JavaThread "Java2D Disposer" daemon [_thread_blocked, id=10600, stack(0x0000000022ac0000,0x0000000022bc0000)]
  0x0000000020222800 JavaThread "Service Thread" daemon [_thread_blocked, id=1224, stack(0x0000000021c00000,0x0000000021d00000)]
  0x0000000020192000 JavaThread "C1 CompilerThread3" daemon [_thread_blocked, id=1676, stack(0x0000000021b00000,0x0000000021c00000)]
  0x0000000020194000 JavaThread "C2 CompilerThread2" daemon [_thread_blocked, id=4964, stack(0x0000000021a00000,0x0000000021b00000)]
  0x000000002018b000 JavaThread "C2 CompilerThread1" daemon [_thread_blocked, id=6704, stack(0x0000000021900000,0x0000000021a00000)]
  0x000000002017e800 JavaThread "C2 CompilerThread0" daemon [_thread_blocked, id=9400, stack(0x0000000021800000,0x0000000021900000)]
  0x0000000020179000 JavaThread "Attach Listener" daemon [_thread_blocked, id=14040, stack(0x0000000021700000,0x0000000021800000)]
  0x0000000020178000 JavaThread "Signal Dispatcher" daemon [_thread_blocked, id=3272, stack(0x0000000021600000,0x0000000021700000)]
  0x0000000020173000 JavaThread "Finalizer" daemon [_thread_blocked, id=8536, stack(0x00000000213e0000,0x00000000214e0000)]
  0x000000001ea8d000 JavaThread "Reference Handler" daemon [_thread_blocked, id=7988, stack(0x00000000212e0000,0x00000000213e0000)]
  0x0000000004cce800 JavaThread "main" [_thread_in_native, id=9724, stack(0x0000000004b10000,0x0000000004c10000)]

Other Threads:
  0x0000000020152800 VMThread [stack: 0x00000000211e0000,0x00000000212e0000] [id=15744]
  0x0000000020236800 WatcherThread [stack: 0x00000000220d0000,0x00000000221d0000] [id=10628]

VM state:not at safepoint (normal execution)

VM Mutex/Monitor currently owned by a thread: None

Heap:
 PSYoungGen      total 1085440K, used 350745K [0x000000076ae00000, 0x00000007c0000000, 0x00000007c0000000)
  eden space 922624K, 20% used [0x000000076ae00000,0x00000007765e2690,0x00000007a3300000)
  from space 162816K, 99% used [0x00000007a3300000,0x00000007ad1a4140,0x00000007ad200000)
  to   space 242688K, 0% used [0x00000007b1300000,0x00000007b1300000,0x00000007c0000000)
 ParOldGen       total 728576K, used 139174K [0x00000006c0a00000, 0x00000006ed180000, 0x000000076ae00000)
  object space 728576K, 19% used [0x00000006c0a00000,0x00000006c91e9970,0x00000006ed180000)
 Metaspace       used 11879K, capacity 12080K, committed 12288K, reserved 1060864K
  class space    used 1322K, capacity 1410K, committed 1536K, reserved 1048576K

Card table byte_map: [0x0000000014190000,0x0000000014990000] byte_map_base: 0x0000000010b8b000

Marking Bits: (ParMarkBitMap*) 0x0000000056f7d850
 Begin Bits: [0x00000000158f0000, 0x00000000198c8000)
 End Bits:   [0x00000000198c8000, 0x000000001d8a0000)

Polling page: 0x00000000031f0000

CodeCache: size=245760Kb used=5180Kb max_used=5180Kb free=240579Kb
 bounds [0x0000000004dd0000, 0x00000000052f0000, 0x0000000013dd0000]
 total_blobs=2178 nmethods=1558 adapters=533
 compilation: enabled

Compilation events (10 events):
Event: 31.893 Thread 0x0000000020192000 1600       3       javax.imageio.stream.FileCacheImageOutputStream::seek (61 bytes)
Event: 31.893 Thread 0x0000000020192000 nmethod 1600 0x00000000052e0750 code [0x00000000052e0940, 0x00000000052e1048]
Event: 31.893 Thread 0x0000000020192000 1602       3       javax.imageio.stream.ImageInputStreamImpl::close (10 bytes)
Event: 31.893 Thread 0x0000000020192000 nmethod 1602 0x00000000052e1390 code [0x00000000052e1500, 0x00000000052e1828]
Event: 32.084 Thread 0x0000000020192000 1604   !   3       sun.awt.GlobalCursorManager$NativeUpdater::run (43 bytes)
Event: 32.085 Thread 0x0000000020192000 nmethod 1604 0x00000000052e1d10 code [0x00000000052e1e80, 0x00000000052e22a8]
Event: 32.385 Thread 0x0000000020192000 1605   !   3       javax.imageio.stream.ImageInputStreamImpl::finalize (20 bytes)
Event: 32.386 Thread 0x0000000020192000 nmethod 1605 0x00000000052e23d0 code [0x00000000052e2540, 0x00000000052e2828]
Event: 32.386 Thread 0x0000000020192000 1606       3       org.opencv.core.Mat::finalize (12 bytes)
Event: 32.386 Thread 0x0000000020192000 nmethod 1606 0x00000000052e2910 code [0x00000000052e2a80, 0x00000000052e2c68]

GC Heap History (10 events):
Event: 27.921 GC heap before
{Heap before GC invocations=49 (full 20):
 PSYoungGen      total 1209344K, used 1153498K [0x000000076ae00000, 0x00000007c0000000, 0x00000007c0000000)
  eden space 1034240K, 99% used [0x000000076ae00000,0x00000007a9f74888,0x00000007aa000000)
  from space 175104K, 68% used [0x00000007b5500000,0x00000007bca02130,0x00000007c0000000)
  to   space 180224K, 0% used [0x00000007aa000000,0x00000007aa000000,0x00000007b5000000)
 ParOldGen       total 728576K, used 138936K [0x00000006c0a00000, 0x00000006ed180000, 0x000000076ae00000)
  object space 728576K, 19% used [0x00000006c0a00000,0x00000006c91ae0a0,0x00000006ed180000)
 Metaspace       used 11822K, capacity 12016K, committed 12288K, reserved 1060864K
  class space    used 1322K, capacity 1410K, committed 1536K, reserved 1048576K
Event: 27.931 GC heap after
Heap after GC invocations=49 (full 20):
 PSYoungGen      total 1171456K, used 136864K [0x000000076ae00000, 0x00000007c0000000, 0x00000007c0000000)
  eden space 1034240K, 0% used [0x000000076ae00000,0x000000076ae00000,0x00000007aa000000)
  from space 137216K, 99% used [0x00000007aa000000,0x00000007b25a8160,0x00000007b2600000)
  to   space 190464K, 0% used [0x00000007b4600000,0x00000007b4600000,0x00000007c0000000)
 ParOldGen       total 728576K, used 138936K [0x00000006c0a00000, 0x00000006ed180000, 0x000000076ae00000)
  object space 728576K, 19% used [0x00000006c0a00000,0x00000006c91ae0a0,0x00000006ed180000)
 Metaspace       used 11822K, capacity 12016K, committed 12288K, reserved 1060864K
  class space    used 1322K, capacity 1410K, committed 1536K, reserved 1048576K
}
Event: 29.109 GC heap before
{Heap before GC invocations=50 (full 20):
 PSYoungGen      total 1171456K, used 1171104K [0x000000076ae00000, 0x00000007c0000000, 0x00000007c0000000)
  eden space 1034240K, 100% used [0x000000076ae00000,0x00000007aa000000,0x00000007aa000000)
  from space 137216K, 99% used [0x00000007aa000000,0x00000007b25a8160,0x00000007b2600000)
  to   space 190464K, 0% used [0x00000007b4600000,0x00000007b4600000,0x00000007c0000000)
 ParOldGen       total 728576K, used 139118K [0x00000006c0a00000, 0x00000006ed180000, 0x000000076ae00000)
  object space 728576K, 19% used [0x00000006c0a00000,0x00000006c91db970,0x00000006ed180000)
 Metaspace       used 11822K, capacity 12016K, committed 12288K, reserved 1060864K
  class space    used 1322K, capacity 1410K, committed 1536K, reserved 1048576K
Event: 29.121 GC heap after
Heap after GC invocations=50 (full 20):
 PSYoungGen      total 1176576K, used 154380K [0x000000076ae00000, 0x00000007c0000000, 0x00000007c0000000)
  eden space 986112K, 0% used [0x000000076ae00000,0x000000076ae00000,0x00000007a7100000)
  from space 190464K, 81% used [0x00000007b4600000,0x00000007bdcc3130,0x00000007c0000000)
  to   space 204288K, 0% used [0x00000007a7100000,0x00000007a7100000,0x00000007b3880000)
 ParOldGen       total 728576K, used 139118K [0x00000006c0a00000, 0x00000006ed180000, 0x000000076ae00000)
  object space 728576K, 19% used [0x00000006c0a00000,0x00000006c91db970,0x00000006ed180000)
 Metaspace       used 11822K, capacity 12016K, committed 12288K, reserved 1060864K
  class space    used 1322K, capacity 1410K, committed 1536K, reserved 1048576K
}
Event: 30.187 GC heap before
{Heap before GC invocations=51 (full 20):
 PSYoungGen      total 1176576K, used 1140045K [0x000000076ae00000, 0x00000007c0000000, 0x00000007c0000000)
  eden space 986112K, 99% used [0x000000076ae00000,0x00000007a7090580,0x00000007a7100000)
  from space 190464K, 81% used [0x00000007b4600000,0x00000007bdcc3130,0x00000007c0000000)
  to   space 204288K, 0% used [0x00000007a7100000,0x00000007a7100000,0x00000007b3880000)
 ParOldGen       total 728576K, used 139118K [0x00000006c0a00000, 0x00000006ed180000, 0x000000076ae00000)
  object space 728576K, 19% used [0x00000006c0a00000,0x00000006c91db970,0x00000006ed180000)
 Metaspace       used 11823K, capacity 12016K, committed 12288K, reserved 1060864K
  class space    used 1322K, capacity 1410K, committed 1536K, reserved 1048576K
Event: 30.200 GC heap after
Heap after GC invocations=51 (full 20):
 PSYoungGen      total 1161216K, used 174756K [0x000000076ae00000, 0x00000007c0000000, 0x00000007c0000000)
  eden space 986112K, 0% used [0x000000076ae00000,0x000000076ae00000,0x00000007a7100000)
  from space 175104K, 99% used [0x00000007a7100000,0x00000007b1ba9180,0x00000007b1c00000)
  to   space 222720K, 0% used [0x00000007b2680000,0x00000007b2680000,0x00000007c0000000)
 ParOldGen       total 728576K, used 139126K [0x00000006c0a00000, 0x00000006ed180000, 0x000000076ae00000)
  object space 728576K, 19% used [0x00000006c0a00000,0x00000006c91dd970,0x00000006ed180000)
 Metaspace       used 11823K, capacity 12016K, committed 12288K, reserved 1060864K
  class space    used 1322K, capacity 1410K, committed 1536K, reserved 1048576K
}
Event: 31.304 GC heap before
{Heap before GC invocations=52 (full 20):
 PSYoungGen      total 1161216K, used 1160868K [0x000000076ae00000, 0x00000007c0000000, 0x00000007c0000000)
  eden space 986112K, 100% used [0x000000076ae00000,0x00000007a7100000,0x00000007a7100000)
  from space 175104K, 99% used [0x00000007a7100000,0x00000007b1ba9180,0x00000007b1c00000)
  to   space 222720K, 0% used [0x00000007b2680000,0x00000007b2680000,0x00000007c0000000)
 ParOldGen       total 728576K, used 139126K [0x00000006c0a00000, 0x00000006ed180000, 0x000000076ae00000)
  object space 728576K, 19% used [0x00000006c0a00000,0x00000006c91dd970,0x00000006ed180000)
 Metaspace       used 11827K, capacity 12016K, committed 12288K, reserved 1060864K
  class space    used 1322K, capacity 1410K, committed 1536K, reserved 1048576K
Event: 31.317 GC heap after
Heap after GC invocations=52 (full 20):
 PSYoungGen      total 1145344K, used 170548K [0x000000076ae00000, 0x00000007c0000000, 0x00000007c0000000)
  eden space 922624K, 0% used [0x000000076ae00000,0x000000076ae00000,0x00000007a3300000)
  from space 222720K, 76% used [0x00000007b2680000,0x00000007bcd0d150,0x00000007c0000000)
  to   space 236032K, 0% used [0x00000007a3300000,0x00000007a3300000,0x00000007b1980000)
 ParOldGen       total 728576K, used 139142K [0x00000006c0a00000, 0x00000006ed180000, 0x000000076ae00000)
  object space 728576K, 19% used [0x00000006c0a00000,0x00000006c91e1970,0x00000006ed180000)
 Metaspace       used 11827K, capacity 12016K, committed 12288K, reserved 1060864K
  class space    used 1322K, capacity 1410K, committed 1536K, reserved 1048576K
}
Event: 32.372 GC heap before
{Heap before GC invocations=53 (full 20):
 PSYoungGen      total 1145344K, used 1093172K [0x000000076ae00000, 0x00000007c0000000, 0x00000007c0000000)
  eden space 922624K, 100% used [0x000000076ae00000,0x00000007a3300000,0x00000007a3300000)
  from space 222720K, 76% used [0x00000007b2680000,0x00000007bcd0d150,0x00000007c0000000)
  to   space 236032K, 0% used [0x00000007a3300000,0x00000007a3300000,0x00000007b1980000)
 ParOldGen       total 728576K, used 139142K [0x00000006c0a00000, 0x00000006ed180000, 0x000000076ae00000)
  object space 728576K, 19% used [0x00000006c0a00000,0x00000006c91e1970,0x00000006ed180000)
 Metaspace       used 11878K, capacity 12080K, committed 12288K, reserved 1060864K
  class space    used 1322K, capacity 1410K, committed 1536K, reserved 1048576K
Event: 32.385 GC heap after
Heap after GC invocations=53 (full 20):
 PSYoungGen      total 1085440K, used 162448K [0x000000076ae00000, 0x00000007c0000000, 0x00000007c0000000)
  eden space 922624K, 0% used [0x000000076ae00000,0x000000076ae00000,0x00000007a3300000)
  from space 162816K, 99% used [0x00000007a3300000,0x00000007ad1a4140,0x00000007ad200000)
  to   space 242688K, 0% used [0x00000007b1300000,0x00000007b1300000,0x00000007c0000000)
 ParOldGen       total 728576K, used 139174K [0x00000006c0a00000, 0x00000006ed180000, 0x000000076ae00000)
  object space 728576K, 19% used [0x00000006c0a00000,0x00000006c91e9970,0x00000006ed180000)
 Metaspace       used 11878K, capacity 12080K, committed 12288K, reserved 1060864K
  class space    used 1322K, capacity 1410K, committed 1536K, reserved 1048576K
}

Deoptimization events (6 events):
Event: 0.480 Thread 0x0000000004cce800 Uncommon trap: reason=unstable_if action=reinterpret pc=0x0000000004fca7f4 method=KinectPV2.Device.setCoordBkgImg([I)V @ 107
Event: 8.682 Thread 0x0000000004cce800 Uncommon trap: reason=unstable_if action=reinterpret pc=0x00000000051c9e4c method=java.lang.String.indexOf([CII[CIII)I @ 3
Event: 8.684 Thread 0x0000000004cce800 Uncommon trap: reason=bimorphic action=maybe_recompile pc=0x00000000050ac6ac method=java.util.HashMap.getNode(ILjava/lang/Object;)Ljava/util/HashMap$Node; @ 126
Event: 8.684 Thread 0x0000000004cce800 Uncommon trap: reason=bimorphic action=maybe_recompile pc=0x00000000050ac6ac method=java.util.HashMap.getNode(ILjava/lang/Object;)Ljava/util/HashMap$Node; @ 126
Event: 8.684 Thread 0x0000000004cce800 Uncommon trap: reason=bimorphic action=maybe_recompile pc=0x00000000050ac6ac method=java.util.HashMap.getNode(ILjava/lang/Object;)Ljava/util/HashMap$Node; @ 126
Event: 8.684 Thread 0x0000000004cce800 Uncommon trap: reason=bimorphic action=maybe_recompile pc=0x00000000050ac6ac method=java.util.HashMap.getNode(ILjava/lang/Object;)Ljava/util/HashMap$Node; @ 126

Internal exceptions (10 events):
Event: 0.136 Thread 0x0000000004cce800 Exception <a 'java/security/PrivilegedActionException'> (0x000000076b0d5508) thrown at [C:\re\workspace\8-2-build-windows-amd64-cygwin\jdk8u151\9699\hotspot\src\share\vm\prims\jvm.cpp, line 1390]
Event: 0.136 Thread 0x0000000004cce800 Exception <a 'java/security/PrivilegedActionException'> (0x000000076b0d5718) thrown at [C:\re\workspace\8-2-build-windows-amd64-cygwin\jdk8u151\9699\hotspot\src\share\vm\prims\jvm.cpp, line 1390]
Event: 0.137 Thread 0x0000000004cce800 Exception <a 'java/security/PrivilegedActionException'> (0x000000076b0d9388) thrown at [C:\re\workspace\8-2-build-windows-amd64-cygwin\jdk8u151\9699\hotspot\src\share\vm\prims\jvm.cpp, line 1390]
Event: 0.137 Thread 0x0000000004cce800 Exception <a 'java/security/PrivilegedActionException'> (0x000000076b0d9598) thrown at [C:\re\workspace\8-2-build-windows-amd64-cygwin\jdk8u151\9699\hotspot\src\share\vm\prims\jvm.cpp, line 1390]
Event: 0.140 Thread 0x0000000004cce800 Exception <a 'java/io/FileNotFoundException'> (0x000000076b0dc318) thrown at [C:\re\workspace\8-2-build-windows-amd64-cygwin\jdk8u151\9699\hotspot\src\share\vm\prims\jni.cpp, line 709]
Event: 0.166 Thread 0x0000000004cce800 Exception <a 'java/lang/NoSuchFieldError': method resolution failed> (0x000000076b1a9530) thrown at [C:\re\workspace\8-2-build-windows-amd64-cygwin\jdk8u151\9699\hotspot\src\share\vm\prims\methodHandles.cpp, line 1146]
Event: 0.168 Thread 0x0000000004cce800 Exception <a 'java/lang/NoSuchFieldError': method resolution failed> (0x000000076b1b6880) thrown at [C:\re\workspace\8-2-build-windows-amd64-cygwin\jdk8u151\9699\hotspot\src\share\vm\prims\methodHandles.cpp, line 1146]
Event: 0.195 Thread 0x0000000004cce800 Exception <a 'java/io/FileNotFoundException'> (0x000000076b24a2b8) thrown at [C:\re\workspace\8-2-build-windows-amd64-cygwin\jdk8u151\9699\hotspot\src\share\vm\prims\jni.cpp, line 709]
Event: 0.406 Thread 0x0000000004cce800 Exception <a 'java/lang/ClassNotFoundException': sun/net/www/protocol/c/Handler> (0x000000076bb42b40) thrown at [C:\re\workspace\8-2-build-windows-amd64-cygwin\jdk8u151\9699\hotspot\src\share\vm\classfile\systemDictionary.cpp, line 210]
Event: 0.407 Thread 0x0000000004cce800 Exception <a 'java/lang/ClassNotFoundException': sun/net/www/protocol/c/Handler> (0x000000076bb461d0) thrown at [C:\re\workspace\8-2-build-windows-amd64-cygwin\jdk8u151\9699\hotspot\src\share\vm\classfile\systemDictionary.cpp, line 210]

Events (10 events):
Event: 27.920 Executing VM operation: ParallelGCSystemGC
Event: 27.931 Executing VM operation: ParallelGCSystemGC done
Event: 29.109 Executing VM operation: ParallelGCFailedAllocation
Event: 29.121 Executing VM operation: ParallelGCFailedAllocation done
Event: 30.187 Executing VM operation: ParallelGCFailedAllocation
Event: 30.200 Executing VM operation: ParallelGCFailedAllocation done
Event: 31.304 Executing VM operation: ParallelGCFailedAllocation
Event: 31.317 Executing VM operation: ParallelGCFailedAllocation done
Event: 32.371 Executing VM operation: ParallelGCFailedAllocation
Event: 32.385 Executing VM operation: ParallelGCFailedAllocation done


Dynamic libraries:
0x00007ff772230000 - 0x00007ff772267000 	C:\Program Files\Java\jre1.8.0_151\bin\javaw.exe
0x00007ffa86f30000 - 0x00007ffa87110000 	C:\WINDOWS\SYSTEM32\ntdll.dll
0x00007ffa85680000 - 0x00007ffa8572e000 	C:\WINDOWS\System32\KERNEL32.DLL
0x00007ffa83c70000 - 0x00007ffa83ed6000 	C:\WINDOWS\System32\KERNELBASE.dll
0x00007ffa84c00000 - 0x00007ffa84ca1000 	C:\WINDOWS\System32\ADVAPI32.dll
0x00007ffa84600000 - 0x00007ffa8469d000 	C:\WINDOWS\System32\msvcrt.dll
0x00007ffa84ba0000 - 0x00007ffa84bfb000 	C:\WINDOWS\System32\sechost.dll
0x00007ffa85090000 - 0x00007ffa851af000 	C:\WINDOWS\System32\RPCRT4.dll
0x00007ffa85730000 - 0x00007ffa858bf000 	C:\WINDOWS\System32\USER32.dll
0x00007ffa83330000 - 0x00007ffa83350000 	C:\WINDOWS\System32\win32u.dll
0x00007ffa84ce0000 - 0x00007ffa84d08000 	C:\WINDOWS\System32\GDI32.dll
0x00007ffa84000000 - 0x00007ffa84194000 	C:\WINDOWS\System32\gdi32full.dll
0x00007ffa83ee0000 - 0x00007ffa83f7b000 	C:\WINDOWS\System32\msvcp_win.dll
0x00007ffa84300000 - 0x00007ffa843f6000 	C:\WINDOWS\System32\ucrtbase.dll
0x00007ffa78db0000 - 0x00007ffa79019000 	C:\WINDOWS\WinSxS\amd64_microsoft.windows.common-controls_6595b64144ccf1df_6.0.16299.64_none_cc9304e22215ca8f\COMCTL32.dll
0x00007ffa84890000 - 0x00007ffa84b98000 	C:\WINDOWS\System32\combase.dll
0x00007ffa83f80000 - 0x00007ffa83ff2000 	C:\WINDOWS\System32\bcryptPrimitives.dll
0x00007ffa84cb0000 - 0x00007ffa84cdd000 	C:\WINDOWS\System32\IMM32.DLL
0x00000000588e0000 - 0x00000000589b2000 	C:\Program Files\Java\jre1.8.0_151\bin\msvcr100.dll
0x0000000056760000 - 0x0000000056ffd000 	C:\Program Files\Java\jre1.8.0_151\bin\server\jvm.dll
0x00007ffa84880000 - 0x00007ffa84888000 	C:\WINDOWS\System32\PSAPI.DLL
0x00007ffa76df0000 - 0x00007ffa76df9000 	C:\WINDOWS\SYSTEM32\WSOCK32.dll
0x00007ffa7f6f0000 - 0x00007ffa7f713000 	C:\WINDOWS\SYSTEM32\WINMM.dll
0x00007ffa851c0000 - 0x00007ffa8522c000 	C:\WINDOWS\System32\WS2_32.dll
0x00007ffa7c800000 - 0x00007ffa7c80a000 	C:\WINDOWS\SYSTEM32\VERSION.dll
0x00007ffa7f690000 - 0x00007ffa7f6ba000 	C:\WINDOWS\SYSTEM32\WINMMBASE.dll
0x00007ffa84200000 - 0x00007ffa8424a000 	C:\WINDOWS\System32\cfgmgr32.dll
0x00000000583f0000 - 0x00000000583ff000 	C:\Program Files\Java\jre1.8.0_151\bin\verify.dll
0x0000000056730000 - 0x0000000056759000 	C:\Program Files\Java\jre1.8.0_151\bin\java.dll
0x0000000056710000 - 0x0000000056726000 	C:\Program Files\Java\jre1.8.0_151\bin\zip.dll
0x00007ffa859b0000 - 0x00007ffa86de7000 	C:\WINDOWS\System32\SHELL32.dll
0x00007ffa847d0000 - 0x00007ffa84876000 	C:\WINDOWS\System32\shcore.dll
0x00007ffa83520000 - 0x00007ffa83c67000 	C:\WINDOWS\System32\windows.storage.dll
0x00007ffa846a0000 - 0x00007ffa846f1000 	C:\WINDOWS\System32\shlwapi.dll
0x00007ffa832a0000 - 0x00007ffa832b1000 	C:\WINDOWS\System32\kernel.appcore.dll
0x00007ffa832c0000 - 0x00007ffa8330c000 	C:\WINDOWS\System32\powrprof.dll
0x00007ffa83280000 - 0x00007ffa8329b000 	C:\WINDOWS\System32\profapi.dll
0x00007ffa59730000 - 0x00007ffa5a178000 	C:\Users\vince\Downloads\opencv2\build\java\x64\opencv_java2413.dll
0x00007ffa84ea0000 - 0x00007ffa84fe9000 	C:\WINDOWS\System32\ole32.dll
0x00007ffa84700000 - 0x00007ffa847c5000 	C:\WINDOWS\System32\OLEAUT32.dll
0x00007ffa789b0000 - 0x00007ffa789cf000 	C:\WINDOWS\SYSTEM32\AVIFIL32.dll
0x00007ffa77df0000 - 0x00007ffa77e19000 	C:\WINDOWS\SYSTEM32\MSVFW32.dll
0x00007ffa786e0000 - 0x00007ffa786f8000 	C:\WINDOWS\SYSTEM32\AVICAP32.dll
0x00007ffa56610000 - 0x00007ffa5662c000 	C:\WINDOWS\SYSTEM32\MSACM32.dll
0x0000000057140000 - 0x00000000572d8000 	C:\Program Files\Java\jre1.8.0_151\bin\awt.dll
0x00007ffa80bb0000 - 0x00007ffa80c37000 	C:\WINDOWS\SYSTEM32\apphelp.dll
0x00007ffa810b0000 - 0x00007ffa810da000 	C:\WINDOWS\system32\DWMAPI.DLL
0x00007ffa80ed0000 - 0x00007ffa80f65000 	C:\WINDOWS\system32\uxtheme.dll
0x00007ffa629b0000 - 0x00007ffa62ace000 	C:\WINDOWS\system32\opengl32.dll
0x00007ffa6c7c0000 - 0x00007ffa6c7ec000 	C:\WINDOWS\SYSTEM32\GLU32.dll
0x00007ffa84d10000 - 0x00007ffa84e77000 	C:\WINDOWS\System32\MSCTF.dll
0x00007ffa536e0000 - 0x00007ffa53875000 	C:\WINDOWS\system32\d3d9.dll
0x00007ffa7b7b0000 - 0x00007ffa7b89a000 	C:\WINDOWS\System32\DriverStore\FileRepository\nv_dispi.inf_amd64_f936d37e592b25aa\nvldumdx.dll
0x00007ffa83350000 - 0x00007ffa8351e000 	C:\WINDOWS\System32\crypt32.dll
0x00007ffa83310000 - 0x00007ffa83322000 	C:\WINDOWS\System32\MSASN1.dll
0x00007ffa841a0000 - 0x00007ffa841f8000 	C:\WINDOWS\System32\WINTRUST.DLL
0x00007ffa84e80000 - 0x00007ffa84e9d000 	C:\WINDOWS\System32\imagehlp.dll
0x00007ffa82fb0000 - 0x00007ffa82fc7000 	C:\WINDOWS\SYSTEM32\CRYPTSP.dll
0x00007ffa823d0000 - 0x00007ffa82403000 	C:\WINDOWS\system32\rsaenh.dll
0x00007ffa82db0000 - 0x00007ffa82dd5000 	C:\WINDOWS\SYSTEM32\bcrypt.dll
0x00007ffa82980000 - 0x00007ffa8298b000 	C:\WINDOWS\SYSTEM32\CRYPTBASE.dll
0x00007ffa47ee0000 - 0x00007ffa490b6000 	C:\WINDOWS\System32\DriverStore\FileRepository\nv_dispi.inf_amd64_f936d37e592b25aa\nvd3dumx.dll
0x00007ffa74c60000 - 0x00007ffa74e1d000 	C:\WINDOWS\system32\nvspcap64.dll
0x00007ffa82070000 - 0x00007ffa820a1000 	C:\WINDOWS\SYSTEM32\ntmarta.dll
0x00007ffa79340000 - 0x00007ffa7942b000 	C:\Program Files (x86)\NVIDIA Corporation\3D Vision\nvSCPAPI64.dll
0x00007ffa85230000 - 0x00007ffa8567e000 	C:\WINDOWS\System32\SETUPAPI.dll
0x00007ffa5b2e0000 - 0x00007ffa5b47c000 	C:\Users\vince\Downloads\KinectPV2-0.7.2\KinectPV2\library\Kinect20.Face.dll
0x00007ffa71ed0000 - 0x00007ffa71fa4000 	C:\WINDOWS\SYSTEM32\MSVCR110.dll
0x00007ffa55ac0000 - 0x00007ffa55b67000 	C:\WINDOWS\SYSTEM32\MSVCP110.dll
0x00007ffa81d60000 - 0x00007ffa81d70000 	C:\Users\vince\Downloads\KinectPV2-0.7.2\KinectPV2\library\KinectPV2.dll
0x00007ffa73c50000 - 0x00007ffa73d0b000 	C:\WINDOWS\SYSTEM32\Kinect20.dll
0x00007ffa727f0000 - 0x00007ffa729a1000 	C:\WINDOWS\SYSTEM32\MFPlat.DLL
0x00007ffa729b0000 - 0x00007ffa729e2000 	C:\WINDOWS\SYSTEM32\RTWorkQ.DLL
0x00007ffa84ff0000 - 0x00007ffa8508e000 	C:\WINDOWS\System32\clbcatq.dll
0x00007ffa565f0000 - 0x00007ffa56608000 	C:\Windows\System32\devenum.dll
0x00007ffa83090000 - 0x00007ffa830b7000 	C:\WINDOWS\SYSTEM32\DEVOBJ.dll
0x00007ffa6f000000 - 0x00007ffa6f049000 	C:\Windows\System32\ksproxy.ax
0x00007ffa734a0000 - 0x00007ffa734a9000 	C:\Windows\System32\ksuser.dll
0x00007ffa7c120000 - 0x00007ffa7c19b000 	C:\WINDOWS\SYSTEM32\policymanager.dll
0x00007ffa7c090000 - 0x00007ffa7c120000 	C:\Windows\System32\msvcp110_win.dll
0x00007ffa55e50000 - 0x00007ffa55e5a000 	C:\WINDOWS\SYSTEM32\msdmo.dll
0x00007ffa76890000 - 0x00007ffa768c3000 	C:\Windows\System32\qcap.dll
0x00007ffa53970000 - 0x00007ffa53b2c000 	C:\Windows\System32\quartz.dll
0x00007ffa73880000 - 0x00007ffa738ce000 	C:\Windows\System32\mfksproxy.dll
0x00007ffa7dfc0000 - 0x00007ffa7dfdd000 	C:\Windows\System32\ATL.DLL
0x00007ffa76490000 - 0x00007ffa764c6000 	C:\Windows\System32\MFSENSORGROUP.dll
0x00007ffa4cab0000 - 0x00007ffa4cef3000 	C:\Windows\System32\MFCORE.dll
0x00007ffa72e70000 - 0x00007ffa72ec0000 	C:\Windows\System32\FSClient.dll
0x00007ffa7fc60000 - 0x00007ffa7ff42000 	C:\Windows\System32\d3d11.dll
0x00007ffa817a0000 - 0x00007ffa8184f000 	C:\Windows\System32\dxgi.dll
0x00007ffa7e7d0000 - 0x00007ffa7e7da000 	C:\WINDOWS\SYSTEM32\AVRT.dll
0x00007ffa5afc0000 - 0x00007ffa5b0ca000 	C:\Windows\System32\MFReadWrite.dll
0x00007ffa59430000 - 0x00007ffa594d0000 	C:\Windows\System32\qedit.dll
0x00007ffa86df0000 - 0x00007ffa86efa000 	C:\WINDOWS\System32\COMDLG32.dll
0x00007ffa7bb30000 - 0x00007ffa7bccc000 	C:\WINDOWS\WinSxS\amd64_microsoft.windows.gdiplus_6595b64144ccf1df_1.1.16299.64_none_4c5a740035ade6b7\gdiplus.dll
0x00007ffa59330000 - 0x00007ffa59426000 	C:\Windows\System32\DDRAW.dll
0x00007ffa7f600000 - 0x00007ffa7f608000 	C:\Windows\System32\DCIMAN32.dll
0x00007ffa7f290000 - 0x00007ffa7f29c000 	C:\WINDOWS\SYSTEM32\msyuv.dll
0x0000000058890000 - 0x00000000588d7000 	C:\Program Files\Java\jre1.8.0_151\bin\fontmanager.dll
0x00007ffa76d30000 - 0x00007ffa76dc8000 	C:\WINDOWS\System32\TextInputFramework.dll
0x00007ffa80510000 - 0x00007ffa805ed000 	C:\WINDOWS\System32\CoreMessaging.dll
0x00007ffa7e140000 - 0x00007ffa7e42e000 	C:\WINDOWS\System32\CoreUIComponents.dll
0x00007ffa7e000000 - 0x00007ffa7e136000 	C:\WINDOWS\SYSTEM32\wintypes.dll
0x00000000566f0000 - 0x000000005670a000 	C:\Program Files\Java\jre1.8.0_151\bin\net.dll
0x00007ffa827c0000 - 0x00007ffa82826000 	C:\WINDOWS\system32\mswsock.dll
0x00000000566d0000 - 0x00000000566e1000 	C:\Program Files\Java\jre1.8.0_151\bin\nio.dll
0x0000000058840000 - 0x0000000058882000 	C:\Program Files\Java\jre1.8.0_151\bin\t2k.dll
0x00007ffa831b0000 - 0x00007ffa831d9000 	C:\WINDOWS\SYSTEM32\USERENV.dll
0x00007ffa82550000 - 0x00007ffa82589000 	C:\WINDOWS\SYSTEM32\IPHLPAPI.DLL
0x00007ffa851b0000 - 0x00007ffa851b8000 	C:\WINDOWS\System32\NSI.dll
0x00007ffa7c740000 - 0x00007ffa7c756000 	C:\WINDOWS\SYSTEM32\dhcpcsvc6.DLL
0x00007ffa7ca00000 - 0x00007ffa7ca1a000 	C:\WINDOWS\SYSTEM32\dhcpcsvc.DLL
0x0000000058410000 - 0x0000000058441000 	C:\Program Files\Java\jre1.8.0_151\bin\jpeg.dll
0x00007ffa82de0000 - 0x00007ffa82fa8000 	C:\WINDOWS\SYSTEM32\dbghelp.dll

VM Arguments:
jvm_args: -Djava.library.path=C:\Users\vince\Downloads\KinectPV2-0.7.2\KinectPV2\library;C:\Users\vince\Downloads\opencv2\build\java\x64 -Dfile.encoding=Cp1252 
java_command: Main.PersonTracker
java_class_path (initial): C:\Program Files\Java\jre1.8.0_151\lib\resources.jar;C:\Program Files\Java\jre1.8.0_151\lib\rt.jar;C:\Program Files\Java\jre1.8.0_151\lib\jsse.jar;C:\Program Files\Java\jre1.8.0_151\lib\jce.jar;C:\Program Files\Java\jre1.8.0_151\lib\charsets.jar;C:\Program Files\Java\jre1.8.0_151\lib\jfr.jar;C:\Program Files\Java\jre1.8.0_151\lib\ext\access-bridge-64.jar;C:\Program Files\Java\jre1.8.0_151\lib\ext\cldrdata.jar;C:\Program Files\Java\jre1.8.0_151\lib\ext\dnsns.jar;C:\Program Files\Java\jre1.8.0_151\lib\ext\jaccess.jar;C:\Program Files\Java\jre1.8.0_151\lib\ext\jfxrt.jar;C:\Program Files\Java\jre1.8.0_151\lib\ext\localedata.jar;C:\Program Files\Java\jre1.8.0_151\lib\ext\nashorn.jar;C:\Program Files\Java\jre1.8.0_151\lib\ext\sunec.jar;C:\Program Files\Java\jre1.8.0_151\lib\ext\sunjce_provider.jar;C:\Program Files\Java\jre1.8.0_151\lib\ext\sunmscapi.jar;C:\Program Files\Java\jre1.8.0_151\lib\ext\sunpkcs11.jar;C:\Program Files\Java\jre1.8.0_151\lib\ext\zipfs.jar;C:\Users\vince\workspaceE\Kinect_neu\bin;C:\Users\vince\Downloads\KinectPV2-0.7.2\KinectPV2\library\KinectPV2.jar;C:\Users\vince\Downloads\processing-3.3.6\core\library\core.jar;C:\Users\vince\Downloads\processing-3.3.6\core\library\gluegen-rt.jar;C:\Users\vince\Downloads\processing-3.3.6\core\library\jogl-all.jar;C:\Users\vince\Downloads\opencv2\build\java\opencv-2413.jar
Launcher Type: SUN_STANDARD

Environment Variables:
JAVA_HOME=C:\Program Files\Java\jdk1.8.0_151\
PATH=C:/Program Files/Java/jre1.8.0_151/bin/server;C:/Program Files/Java/jre1.8.0_151/bin;C:/Program Files/Java/jre1.8.0_151/lib/amd64;C:\Python36\Scripts\;C:\Python36\;C:\Program Files\NVIDIA GPU Computing Toolkit\CUDA\v9.0\bin;C:\Program Files\NVIDIA GPU Computing Toolkit\CUDA\v9.0\libnvvp;C:\Program Files (x86)\Common Files\Intel\Shared Libraries\redist\intel64\compiler;C:\ProgramData\Oracle\Java\javapath;C:\Windows\system32;C:\Windows;C:\Windows\System32\Wbem;C:\Windows\System32\WindowsPowerShell\v1.0\;C:\Program Files\PuTTY\;C:\Program Files (x86)\NVIDIA Corporation\PhysX\Common;C:\Program Files\Git\cmd;C:\Program Files\leJOS EV3\bin;C:\Users\vince\Desktop\Zeug\Programme\SysinternalsSuite;C:\Program Files (x86)\Skype\Phone\;C:\WINDOWS\system32;C:\WINDOWS;C:\WINDOWS\System32\Wbem;C:\WINDOWS\System32\WindowsPowerShell\v1.0\;C:\Program Files\doxygen\bin;C:\Program Files\Microsoft SQL Server\110\Tools\Binn\;C:\Program Files (x86)\Microsoft SDKs\TypeScript\1.0\;C:\Program Files\Microsoft SQL Server\120\Tools\Binn\;C:\Program Files\CMake\bin;C:\Users\vince\AppData\Local\Microsoft\WindowsApps;C:\Program Files\Microsoft VS Code\bin;C:\Users\vince\Downloads\apache-ant-1.10.1\bin;;C:\Users\vince\eclipse\java-oxygen\eclipse;
USERNAME=vince
OS=Windows_NT
PROCESSOR_IDENTIFIER=AMD64 Family 23 Model 1 Stepping 1, AuthenticAMD



---------------  S Y S T E M  ---------------

OS: Windows 10.0 , 64 bit Build 16299 (10.0.16299.15)

CPU:total 12 (initial active 12) (12 cores per cpu, 1 threads per core) family 23 model 1 stepping 1, cmov, cx8, fxsr, mmx, sse, sse2, sse3, ssse3, sse4.1, sse4.2, popcnt, avx, avx2, aes, clmul, mmxext, 3dnowpref, lzcnt, sse4a, tsc, tscinvbit, tscinv, bmi1

Memory: 4k page, physical 16731544k(4547956k free), swap 19221912k(4570576k free)

vm_info: Java HotSpot(TM) 64-Bit Server VM (25.151-b12) for windows-amd64 JRE (1.8.0_151-b12), built on Sep  5 2017 19:33:46 by "java_re" with MS VC++ 10.0 (VS2010)

time: Sat Nov 25 21:47:07 2017
elapsed time: 32 seconds (0d 0h 0m 32s)

